2025-11-04T06:29:58.262304Z  INFO tailwindcss_oxide::scanner: Provided sources:
2025-11-04T06:29:58.262542Z  INFO tailwindcss_oxide::scanner: Source: PublicSourceEntry { base: "/Users/chrisli/Documents/modelsmith/web", pattern: "**/*", negated: false }
2025-11-04T06:29:58.262599Z  INFO tailwindcss_oxide::scanner: Optimized sources:
2025-11-04T06:29:58.262608Z  INFO tailwindcss_oxide::scanner: Source: Auto { base: "/Users/chrisli/Documents/modelsmith/web" }
2025-11-04T06:29:58.263590Z  INFO scan_sources: tailwindcss_oxide::scanner: enter
2025-11-04T06:29:58.264482Z  INFO scan_sources: tailwindcss_oxide::scanner: Discovering "/Users/chrisli/Documents/modelsmith/web/contexts"
2025-11-04T06:29:58.264540Z  INFO scan_sources: tailwindcss_oxide::scanner: Discovering "/Users/chrisli/Documents/modelsmith/web/contexts/auth-context.tsx"
2025-11-04T06:29:58.264558Z  INFO scan_sources: tailwindcss_oxide::scanner: Discovering "/Users/chrisli/Documents/modelsmith/web/contexts/scroll-context.tsx"
2025-11-04T06:29:58.264572Z  INFO scan_sources: tailwindcss_oxide::scanner: Discovering "/Users/chrisli/Documents/modelsmith/web/contexts/recaptcha-context.tsx"
2025-11-04T06:29:58.264584Z  INFO scan_sources: tailwindcss_oxide::scanner: Discovering "/Users/chrisli/Documents/modelsmith/web/contexts/query-provider.tsx"
2025-11-04T06:29:58.264643Z  INFO scan_sources: tailwindcss_oxide::scanner: Discovering "/Users/chrisli/Documents/modelsmith/web/app"
2025-11-04T06:29:58.264682Z  INFO scan_sources: tailwindcss_oxide::scanner: Discovering "/Users/chrisli/Documents/modelsmith/web/app/.well-known"
2025-11-04T06:29:58.264854Z  INFO scan_sources: tailwindcss_oxide::scanner: Discovering "/Users/chrisli/Documents/modelsmith/web/app/.well-known/workflow"
2025-11-04T06:29:58.265085Z  INFO scan_sources: tailwindcss_oxide::scanner: Discovering "/Users/chrisli/Documents/modelsmith/web/app/.well-known/workflow/v1"
2025-11-04T06:29:58.265284Z  INFO scan_sources: tailwindcss_oxide::scanner: Discovering "/Users/chrisli/Documents/modelsmith/web/app/layout.tsx"
2025-11-04T06:29:58.265311Z  INFO scan_sources: tailwindcss_oxide::scanner: Discovering "/Users/chrisli/Documents/modelsmith/web/app/api"
2025-11-04T06:29:58.265349Z  INFO scan_sources: tailwindcss_oxide::scanner: Discovering "/Users/chrisli/Documents/modelsmith/web/app/api/middleware"
2025-11-04T06:29:58.265378Z  INFO scan_sources: tailwindcss_oxide::scanner: Discovering "/Users/chrisli/Documents/modelsmith/web/app/api/middleware/validation.ts"
2025-11-04T06:29:58.265389Z  INFO scan_sources: tailwindcss_oxide::scanner: Discovering "/Users/chrisli/Documents/modelsmith/web/app/api/middleware/error-handler.ts"
2025-11-04T06:29:58.265404Z  INFO scan_sources: tailwindcss_oxide::scanner: Discovering "/Users/chrisli/Documents/modelsmith/web/app/api/middleware/auth.ts"
2025-11-04T06:29:58.265429Z  INFO scan_sources: tailwindcss_oxide::scanner: Discovering "/Users/chrisli/Documents/modelsmith/web/app/api/types"
2025-11-04T06:29:58.265452Z  INFO scan_sources: tailwindcss_oxide::scanner: Discovering "/Users/chrisli/Documents/modelsmith/web/app/api/types/index.ts"
2025-11-04T06:29:58.265474Z  INFO scan_sources: tailwindcss_oxide::scanner: Discovering "/Users/chrisli/Documents/modelsmith/web/app/api/config"
2025-11-04T06:29:58.265495Z  INFO scan_sources: tailwindcss_oxide::scanner: Discovering "/Users/chrisli/Documents/modelsmith/web/app/api/config/providers.ts"
2025-11-04T06:29:58.265509Z  INFO scan_sources: tailwindcss_oxide::scanner: Discovering "/Users/chrisli/Documents/modelsmith/web/app/api/config/constants.ts"
2025-11-04T06:29:58.265533Z  INFO scan_sources: tailwindcss_oxide::scanner: Discovering "/Users/chrisli/Documents/modelsmith/web/app/api/workflows"
2025-11-04T06:29:58.265555Z  INFO scan_sources: tailwindcss_oxide::scanner: Discovering "/Users/chrisli/Documents/modelsmith/web/app/api/workflows/activate-model-version-workflow.ts"
2025-11-04T06:29:58.265574Z  INFO scan_sources: tailwindcss_oxide::scanner: Discovering "/Users/chrisli/Documents/modelsmith/web/app/api/workflows/fine-tune-workflow.ts"
2025-11-04T06:29:58.265598Z  INFO scan_sources: tailwindcss_oxide::scanner: Discovering "/Users/chrisli/Documents/modelsmith/web/app/api/utils"
2025-11-04T06:29:58.265631Z  INFO scan_sources: tailwindcss_oxide::scanner: Discovering "/Users/chrisli/Documents/modelsmith/web/app/api/utils/recaptcha.ts"
2025-11-04T06:29:58.265641Z  INFO scan_sources: tailwindcss_oxide::scanner: Discovering "/Users/chrisli/Documents/modelsmith/web/app/api/utils/encryption.ts"
2025-11-04T06:29:58.265661Z  INFO scan_sources: tailwindcss_oxide::scanner: Discovering "/Users/chrisli/Documents/modelsmith/web/app/api/controllers"
2025-11-04T06:29:58.265683Z  INFO scan_sources: tailwindcss_oxide::scanner: Discovering "/Users/chrisli/Documents/modelsmith/web/app/api/controllers/chat.controller.ts"
2025-11-04T06:29:58.265692Z  INFO scan_sources: tailwindcss_oxide::scanner: Discovering "/Users/chrisli/Documents/modelsmith/web/app/api/controllers/training-data.controller.ts"
2025-11-04T06:29:58.265708Z  INFO scan_sources: tailwindcss_oxide::scanner: Discovering "/Users/chrisli/Documents/modelsmith/web/app/api/controllers/model-versions.controller.ts"
2025-11-04T06:29:58.265719Z  INFO scan_sources: tailwindcss_oxide::scanner: Discovering "/Users/chrisli/Documents/modelsmith/web/app/api/controllers/model-name.controller.ts"
2025-11-04T06:29:58.265728Z  INFO scan_sources: tailwindcss_oxide::scanner: Discovering "/Users/chrisli/Documents/modelsmith/web/app/api/controllers/fine-tune.controller.ts"
2025-11-04T06:29:58.265738Z  INFO scan_sources: tailwindcss_oxide::scanner: Discovering "/Users/chrisli/Documents/modelsmith/web/app/api/controllers/completion.controller.ts"
2025-11-04T06:29:58.265761Z  INFO scan_sources: tailwindcss_oxide::scanner: Discovering "/Users/chrisli/Documents/modelsmith/web/app/api/[...route]"
2025-11-04T06:29:58.265783Z  INFO scan_sources: tailwindcss_oxide::scanner: Discovering "/Users/chrisli/Documents/modelsmith/web/app/api/[...route]/route.ts"
2025-11-04T06:29:58.265796Z  INFO scan_sources: tailwindcss_oxide::scanner: Discovering "/Users/chrisli/Documents/modelsmith/web/app/page.tsx"
2025-11-04T06:29:58.265806Z  INFO scan_sources: tailwindcss_oxide::scanner: Discovering "/Users/chrisli/Documents/modelsmith/web/app/globals.css"
2025-11-04T06:29:58.265819Z  INFO scan_sources: tailwindcss_oxide::scanner: Discovering "/Users/chrisli/Documents/modelsmith/web/postcss.config.mjs"
2025-11-04T06:29:58.265860Z  INFO scan_sources: tailwindcss_oxide::scanner: Discovering "/Users/chrisli/Documents/modelsmith/web/.swc"
2025-11-04T06:29:58.266092Z  INFO scan_sources: tailwindcss_oxide::scanner: Discovering "/Users/chrisli/Documents/modelsmith/web/README.md"
2025-11-04T06:29:58.266233Z  INFO scan_sources: tailwindcss_oxide::scanner: Discovering "/Users/chrisli/Documents/modelsmith/web/components"
2025-11-04T06:29:58.266276Z  INFO scan_sources: tailwindcss_oxide::scanner: Discovering "/Users/chrisli/Documents/modelsmith/web/components/ui"
2025-11-04T06:29:58.266327Z  INFO scan_sources: tailwindcss_oxide::scanner: Discovering "/Users/chrisli/Documents/modelsmith/web/components/ui/shadcn-io"
2025-11-04T06:29:58.266361Z  INFO scan_sources: tailwindcss_oxide::scanner: Discovering "/Users/chrisli/Documents/modelsmith/web/components/ui/shadcn-io/shimmering-text"
2025-11-04T06:29:58.266383Z  INFO scan_sources: tailwindcss_oxide::scanner: Discovering "/Users/chrisli/Documents/modelsmith/web/components/ui/shadcn-io/shimmering-text/index.tsx"
2025-11-04T06:29:58.266397Z  INFO scan_sources: tailwindcss_oxide::scanner: Discovering "/Users/chrisli/Documents/modelsmith/web/components/ui/line-path.tsx"
2025-11-04T06:29:58.266411Z  INFO scan_sources: tailwindcss_oxide::scanner: Discovering "/Users/chrisli/Documents/modelsmith/web/components/ui/slider.tsx"
2025-11-04T06:29:58.266420Z  INFO scan_sources: tailwindcss_oxide::scanner: Discovering "/Users/chrisli/Documents/modelsmith/web/components/ui/popover.tsx"
2025-11-04T06:29:58.266429Z  INFO scan_sources: tailwindcss_oxide::scanner: Discovering "/Users/chrisli/Documents/modelsmith/web/components/ui/progress.tsx"
2025-11-04T06:29:58.266438Z  INFO scan_sources: tailwindcss_oxide::scanner: Discovering "/Users/chrisli/Documents/modelsmith/web/components/ui/aurora-text.tsx"
2025-11-04T06:29:58.266458Z  INFO scan_sources: tailwindcss_oxide::scanner: Discovering "/Users/chrisli/Documents/modelsmith/web/components/ui/border-beam.tsx"
2025-11-04T06:29:58.266467Z  INFO scan_sources: tailwindcss_oxide::scanner: Discovering "/Users/chrisli/Documents/modelsmith/web/components/ui/scroll-area.tsx"
2025-11-04T06:29:58.266477Z  INFO scan_sources: tailwindcss_oxide::scanner: Discovering "/Users/chrisli/Documents/modelsmith/web/components/ui/sonner.tsx"
2025-11-04T06:29:58.266486Z  INFO scan_sources: tailwindcss_oxide::scanner: Discovering "/Users/chrisli/Documents/modelsmith/web/components/ui/light-rays.tsx"
2025-11-04T06:29:58.266494Z  INFO scan_sources: tailwindcss_oxide::scanner: Discovering "/Users/chrisli/Documents/modelsmith/web/components/ui/accordion.tsx"
2025-11-04T06:29:58.266503Z  INFO scan_sources: tailwindcss_oxide::scanner: Discovering "/Users/chrisli/Documents/modelsmith/web/components/ui/empty.tsx"
2025-11-04T06:29:58.266512Z  INFO scan_sources: tailwindcss_oxide::scanner: Discovering "/Users/chrisli/Documents/modelsmith/web/components/ui/tooltip.tsx"
2025-11-04T06:29:58.266521Z  INFO scan_sources: tailwindcss_oxide::scanner: Discovering "/Users/chrisli/Documents/modelsmith/web/components/ui/timeline.tsx"
2025-11-04T06:29:58.266530Z  INFO scan_sources: tailwindcss_oxide::scanner: Discovering "/Users/chrisli/Documents/modelsmith/web/components/ui/avatar.tsx"
2025-11-04T06:29:58.266539Z  INFO scan_sources: tailwindcss_oxide::scanner: Discovering "/Users/chrisli/Documents/modelsmith/web/components/ui/sliding-tab.tsx"
2025-11-04T06:29:58.266548Z  INFO scan_sources: tailwindcss_oxide::scanner: Discovering "/Users/chrisli/Documents/modelsmith/web/components/ui/dialog.tsx"
2025-11-04T06:29:58.266557Z  INFO scan_sources: tailwindcss_oxide::scanner: Discovering "/Users/chrisli/Documents/modelsmith/web/components/ui/badge.tsx"
2025-11-04T06:29:58.266566Z  INFO scan_sources: tailwindcss_oxide::scanner: Discovering "/Users/chrisli/Documents/modelsmith/web/components/ui/table.tsx"
2025-11-04T06:29:58.266575Z  INFO scan_sources: tailwindcss_oxide::scanner: Discovering "/Users/chrisli/Documents/modelsmith/web/components/ui/button.tsx"
2025-11-04T06:29:58.266584Z  INFO scan_sources: tailwindcss_oxide::scanner: Discovering "/Users/chrisli/Documents/modelsmith/web/components/ui/stepper.tsx"
2025-11-04T06:29:58.266599Z  INFO scan_sources: tailwindcss_oxide::scanner: Discovering "/Users/chrisli/Documents/modelsmith/web/components/ui/dropdown-menu.tsx"
2025-11-04T06:29:58.266609Z  INFO scan_sources: tailwindcss_oxide::scanner: Discovering "/Users/chrisli/Documents/modelsmith/web/components/ui/select.tsx"
2025-11-04T06:29:58.266618Z  INFO scan_sources: tailwindcss_oxide::scanner: Discovering "/Users/chrisli/Documents/modelsmith/web/components/ui/textarea.tsx"
2025-11-04T06:29:58.266627Z  INFO scan_sources: tailwindcss_oxide::scanner: Discovering "/Users/chrisli/Documents/modelsmith/web/components/ui/input.tsx"
2025-11-04T06:29:58.266638Z  INFO scan_sources: tailwindcss_oxide::scanner: Discovering "/Users/chrisli/Documents/modelsmith/web/components/ui/skeleton.tsx"
2025-11-04T06:29:58.266668Z  INFO scan_sources: tailwindcss_oxide::scanner: Discovering "/Users/chrisli/Documents/modelsmith/web/components/sections"
2025-11-04T06:29:58.266697Z  INFO scan_sources: tailwindcss_oxide::scanner: Discovering "/Users/chrisli/Documents/modelsmith/web/components/sections/training-data-input.tsx"
2025-11-04T06:29:58.266706Z  INFO scan_sources: tailwindcss_oxide::scanner: Discovering "/Users/chrisli/Documents/modelsmith/web/components/sections/model-playground.tsx"
2025-11-04T06:29:58.266715Z  INFO scan_sources: tailwindcss_oxide::scanner: Discovering "/Users/chrisli/Documents/modelsmith/web/components/sections/fine-tine.tsx"
2025-11-04T06:29:58.266727Z  INFO scan_sources: tailwindcss_oxide::scanner: Discovering "/Users/chrisli/Documents/modelsmith/web/components/versions.tsx"
2025-11-04T06:29:58.266739Z  INFO scan_sources: tailwindcss_oxide::scanner: Discovering "/Users/chrisli/Documents/modelsmith/web/components/model-selector.tsx"
2025-11-04T06:29:58.266755Z  INFO scan_sources: tailwindcss_oxide::scanner: Discovering "/Users/chrisli/Documents/modelsmith/web/components/fine-tune-jobs.tsx"
2025-11-04T06:29:58.266763Z  INFO scan_sources: tailwindcss_oxide::scanner: Discovering "/Users/chrisli/Documents/modelsmith/web/components/fine-tune-settings.tsx"
2025-11-04T06:29:58.266772Z  INFO scan_sources: tailwindcss_oxide::scanner: Discovering "/Users/chrisli/Documents/modelsmith/web/components/scroll-area-wrapper.tsx"
2025-11-04T06:29:58.266780Z  INFO scan_sources: tailwindcss_oxide::scanner: Discovering "/Users/chrisli/Documents/modelsmith/web/components/footer.tsx"
2025-11-04T06:29:58.266789Z  INFO scan_sources: tailwindcss_oxide::scanner: Discovering "/Users/chrisli/Documents/modelsmith/web/components/auth-dialog.tsx"
2025-11-04T06:29:58.266798Z  INFO scan_sources: tailwindcss_oxide::scanner: Discovering "/Users/chrisli/Documents/modelsmith/web/components/header.tsx"
2025-11-04T06:29:58.266818Z  INFO scan_sources: tailwindcss_oxide::scanner: Discovering "/Users/chrisli/Documents/modelsmith/web/public"
2025-11-04T06:29:58.266841Z  INFO scan_sources: tailwindcss_oxide::scanner: Discovering "/Users/chrisli/Documents/modelsmith/web/public/file.svg"
2025-11-04T06:29:58.266859Z  INFO scan_sources: tailwindcss_oxide::scanner: Discovering "/Users/chrisli/Documents/modelsmith/web/public/logos"
2025-11-04T06:29:58.266895Z  INFO scan_sources: tailwindcss_oxide::scanner: Discovering "/Users/chrisli/Documents/modelsmith/web/public/vercel.svg"
2025-11-04T06:29:58.266906Z  INFO scan_sources: tailwindcss_oxide::scanner: Discovering "/Users/chrisli/Documents/modelsmith/web/public/next.svg"
2025-11-04T06:29:58.266914Z  INFO scan_sources: tailwindcss_oxide::scanner: Discovering "/Users/chrisli/Documents/modelsmith/web/public/globe.svg"
2025-11-04T06:29:58.266922Z  INFO scan_sources: tailwindcss_oxide::scanner: Discovering "/Users/chrisli/Documents/modelsmith/web/public/window.svg"
2025-11-04T06:29:58.266931Z  INFO scan_sources: tailwindcss_oxide::scanner: Discovering "/Users/chrisli/Documents/modelsmith/web/public/logo.svg"
2025-11-04T06:29:58.266958Z  INFO scan_sources: tailwindcss_oxide::scanner: Discovering "/Users/chrisli/Documents/modelsmith/web/package.json"
2025-11-04T06:29:58.266985Z  INFO scan_sources: tailwindcss_oxide::scanner: Discovering "/Users/chrisli/Documents/modelsmith/web/hooks"
2025-11-04T06:29:58.267006Z  INFO scan_sources: tailwindcss_oxide::scanner: Discovering "/Users/chrisli/Documents/modelsmith/web/hooks/use-debounce.ts"
2025-11-04T06:29:58.267016Z  INFO scan_sources: tailwindcss_oxide::scanner: Discovering "/Users/chrisli/Documents/modelsmith/web/hooks/use-fine-tune.ts"
2025-11-04T06:29:58.267025Z  INFO scan_sources: tailwindcss_oxide::scanner: Discovering "/Users/chrisli/Documents/modelsmith/web/hooks/use-training-data.ts"
2025-11-04T06:29:58.267045Z  INFO scan_sources: tailwindcss_oxide::scanner: Discovering "/Users/chrisli/Documents/modelsmith/web/lib"
2025-11-04T06:29:58.267068Z  INFO scan_sources: tailwindcss_oxide::scanner: Discovering "/Users/chrisli/Documents/modelsmith/web/lib/training-data-storage.ts"
2025-11-04T06:29:58.267077Z  INFO scan_sources: tailwindcss_oxide::scanner: Discovering "/Users/chrisli/Documents/modelsmith/web/lib/firebase.ts"
2025-11-04T06:29:58.267086Z  INFO scan_sources: tailwindcss_oxide::scanner: Discovering "/Users/chrisli/Documents/modelsmith/web/lib/utils.ts"
2025-11-04T06:29:58.267102Z  INFO scan_sources: tailwindcss_oxide::scanner: Discovering "/Users/chrisli/Documents/modelsmith/web/lib/utils"
2025-11-04T06:29:58.267124Z  INFO scan_sources: tailwindcss_oxide::scanner: Discovering "/Users/chrisli/Documents/modelsmith/web/lib/utils/jsonl.ts"
2025-11-04T06:29:58.267135Z  INFO scan_sources: tailwindcss_oxide::scanner: Discovering "/Users/chrisli/Documents/modelsmith/web/lib/fine-tune-jobs.ts"
2025-11-04T06:29:58.267144Z  INFO scan_sources: tailwindcss_oxide::scanner: Discovering "/Users/chrisli/Documents/modelsmith/web/lib/training-data-sync.ts"
2025-11-04T06:29:58.267205Z  INFO scan_sources: tailwindcss_oxide::scanner: Discovering "/Users/chrisli/Documents/modelsmith/web/lib/firebase-admin.ts"
2025-11-04T06:29:58.267225Z  INFO scan_sources: tailwindcss_oxide::scanner: Discovering "/Users/chrisli/Documents/modelsmith/web/lib/models.ts"
2025-11-04T06:29:58.267278Z  INFO scan_sources: tailwindcss_oxide::scanner: Discovering "/Users/chrisli/Documents/modelsmith/web/lib/store"
2025-11-04T06:29:58.267319Z  INFO scan_sources: tailwindcss_oxide::scanner: Discovering "/Users/chrisli/Documents/modelsmith/web/lib/store/index.ts"
2025-11-04T06:29:58.267331Z  INFO scan_sources: tailwindcss_oxide::scanner: Discovering "/Users/chrisli/Documents/modelsmith/web/lib/store/model-store.ts"
2025-11-04T06:29:58.267348Z  INFO scan_sources: tailwindcss_oxide::scanner: Discovering "/Users/chrisli/Documents/modelsmith/web/components.json"
2025-11-04T06:29:58.267358Z  INFO scan_sources: tailwindcss_oxide::scanner: Discovering "/Users/chrisli/Documents/modelsmith/web/tsconfig.json"
2025-11-04T06:29:58.267369Z  INFO scan_sources: tailwindcss_oxide::scanner: Discovering "/Users/chrisli/Documents/modelsmith/web/eslint.config.mjs"
2025-11-04T06:29:58.267378Z  INFO scan_sources: tailwindcss_oxide::scanner: Discovering "/Users/chrisli/Documents/modelsmith/web/next.config.ts"
2025-11-04T06:29:58.267438Z  INFO scan_sources: tailwindcss_oxide::scanner: exit
2025-11-04T06:29:58.267445Z  INFO extract_candidates: tailwindcss_oxide::scanner: enter
2025-11-04T06:29:58.267449Z  INFO extract_candidates:read_all_files: tailwindcss_oxide::scanner: enter
2025-11-04T06:29:58.267452Z  INFO extract_candidates:read_all_files: tailwindcss_oxide::scanner: Reading 86 file(s)
2025-11-04T06:29:58.267743Z  INFO tailwindcss_oxide::scanner: Reading "/Users/chrisli/Documents/modelsmith/web/contexts/auth-context.tsx"
2025-11-04T06:29:58.267785Z  INFO tailwindcss_oxide::scanner: Reading "/Users/chrisli/Documents/modelsmith/web/contexts/scroll-context.tsx"
2025-11-04T06:29:58.267809Z  INFO tailwindcss_oxide::scanner: Reading "/Users/chrisli/Documents/modelsmith/web/components/sections/fine-tine.tsx"
2025-11-04T06:29:58.267819Z  INFO tailwindcss_oxide::scanner: Reading "/Users/chrisli/Documents/modelsmith/web/public/next.svg"
2025-11-04T06:29:58.267865Z  INFO tailwindcss_oxide::scanner: Reading "/Users/chrisli/Documents/modelsmith/web/components/versions.tsx"
2025-11-04T06:29:58.267865Z  INFO tailwindcss_oxide::scanner: Reading "/Users/chrisli/Documents/modelsmith/web/lib/utils/jsonl.ts"
2025-11-04T06:29:58.267907Z  INFO tailwindcss_oxide::scanner: Reading "/Users/chrisli/Documents/modelsmith/web/components/model-selector.tsx"
2025-11-04T06:29:58.267913Z  INFO tailwindcss_oxide::scanner: Reading "/Users/chrisli/Documents/modelsmith/web/contexts/recaptcha-context.tsx"
2025-11-04T06:29:58.268092Z  INFO tailwindcss_oxide::scanner: Reading "/Users/chrisli/Documents/modelsmith/web/components/fine-tune-jobs.tsx"
2025-11-04T06:29:58.268126Z  INFO tailwindcss_oxide::scanner: Reading "/Users/chrisli/Documents/modelsmith/web/components/sections/training-data-input.tsx"
2025-11-04T06:29:58.267997Z  INFO tailwindcss_oxide::scanner: Reading "/Users/chrisli/Documents/modelsmith/web/components/ui/skeleton.tsx"
2025-11-04T06:29:58.268238Z  INFO tailwindcss_oxide::scanner: Reading "/Users/chrisli/Documents/modelsmith/web/lib/store/index.ts"
2025-11-04T06:29:58.268252Z  INFO tailwindcss_oxide::scanner: Reading "/Users/chrisli/Documents/modelsmith/web/components/sections/model-playground.tsx"
2025-11-04T06:29:58.268270Z  INFO tailwindcss_oxide::scanner: Reading "/Users/chrisli/Documents/modelsmith/web/lib/store/model-store.ts"
2025-11-04T06:29:58.267997Z  INFO tailwindcss_oxide::scanner: Reading "/Users/chrisli/Documents/modelsmith/web/components/ui/stepper.tsx"
2025-11-04T06:29:58.267782Z  INFO tailwindcss_oxide::scanner: Reading "/Users/chrisli/Documents/modelsmith/web/app/api/[...route]/route.ts"
2025-11-04T06:29:58.268038Z  INFO tailwindcss_oxide::scanner: Reading "/Users/chrisli/Documents/modelsmith/web/components/ui/scroll-area.tsx"
2025-11-04T06:29:58.268149Z  INFO tailwindcss_oxide::scanner: Reading "/Users/chrisli/Documents/modelsmith/web/components/fine-tune-settings.tsx"
2025-11-04T06:29:58.268031Z  INFO tailwindcss_oxide::scanner: Reading "/Users/chrisli/Documents/modelsmith/web/public/globe.svg"
2025-11-04T06:29:58.268096Z  INFO tailwindcss_oxide::scanner: Reading "/Users/chrisli/Documents/modelsmith/web/contexts/query-provider.tsx"
2025-11-04T06:29:58.268497Z  INFO tailwindcss_oxide::scanner: Reading "/Users/chrisli/Documents/modelsmith/web/components/ui/tooltip.tsx"
2025-11-04T06:29:58.267908Z  INFO tailwindcss_oxide::scanner: Reading "/Users/chrisli/Documents/modelsmith/web/components/ui/textarea.tsx"
2025-11-04T06:29:58.268158Z  INFO tailwindcss_oxide::scanner: Reading "/Users/chrisli/Documents/modelsmith/web/lib/fine-tune-jobs.ts"
2025-11-04T06:29:58.267983Z  INFO tailwindcss_oxide::scanner: Reading "/Users/chrisli/Documents/modelsmith/web/app/api/config/constants.ts"
2025-11-04T06:29:58.268133Z  INFO tailwindcss_oxide::scanner: Reading "/Users/chrisli/Documents/modelsmith/web/components/ui/table.tsx"
2025-11-04T06:29:58.268562Z  INFO tailwindcss_oxide::scanner: Reading "/Users/chrisli/Documents/modelsmith/web/public/window.svg"
2025-11-04T06:29:58.268568Z  INFO tailwindcss_oxide::scanner: Reading "/Users/chrisli/Documents/modelsmith/web/lib/training-data-sync.ts"
2025-11-04T06:29:58.268770Z  INFO tailwindcss_oxide::scanner: Reading "/Users/chrisli/Documents/modelsmith/web/public/logo.svg"
2025-11-04T06:29:58.268813Z  INFO tailwindcss_oxide::scanner: Reading "/Users/chrisli/Documents/modelsmith/web/components/ui/timeline.tsx"
2025-11-04T06:29:58.268848Z  INFO tailwindcss_oxide::scanner: Reading "/Users/chrisli/Documents/modelsmith/web/components/ui/avatar.tsx"
2025-11-04T06:29:58.268864Z  INFO tailwindcss_oxide::scanner: Reading "/Users/chrisli/Documents/modelsmith/web/components.json"
2025-11-04T06:29:58.268904Z  INFO tailwindcss_oxide::scanner: Reading "/Users/chrisli/Documents/modelsmith/web/components/ui/sliding-tab.tsx"
2025-11-04T06:29:58.268914Z  INFO tailwindcss_oxide::scanner: Reading "/Users/chrisli/Documents/modelsmith/web/app/api/workflows/activate-model-version-workflow.ts"
2025-11-04T06:29:58.268936Z  INFO tailwindcss_oxide::scanner: Reading "/Users/chrisli/Documents/modelsmith/web/package.json"
2025-11-04T06:29:58.268979Z  INFO tailwindcss_oxide::scanner: Reading "/Users/chrisli/Documents/modelsmith/web/components/ui/input.tsx"
2025-11-04T06:29:58.268994Z  INFO tailwindcss_oxide::scanner: Reading "/Users/chrisli/Documents/modelsmith/web/hooks/use-debounce.ts"
2025-11-04T06:29:58.269023Z  INFO tailwindcss_oxide::scanner: Reading "/Users/chrisli/Documents/modelsmith/web/components/ui/dialog.tsx"
2025-11-04T06:29:58.269068Z  INFO tailwindcss_oxide::scanner: Reading "/Users/chrisli/Documents/modelsmith/web/components/ui/badge.tsx"
2025-11-04T06:29:58.269093Z  INFO tailwindcss_oxide::scanner: Reading "/Users/chrisli/Documents/modelsmith/web/app/api/controllers/chat.controller.ts"
2025-11-04T06:29:58.269134Z  INFO tailwindcss_oxide::scanner: Reading "/Users/chrisli/Documents/modelsmith/web/tsconfig.json"
2025-11-04T06:29:58.268904Z  INFO tailwindcss_oxide::scanner: Reading "/Users/chrisli/Documents/modelsmith/web/components/ui/dropdown-menu.tsx"
2025-11-04T06:29:58.268947Z  INFO tailwindcss_oxide::scanner: Reading "/Users/chrisli/Documents/modelsmith/web/app/api/workflows/fine-tune-workflow.ts"
2025-11-04T06:29:58.269200Z  INFO tailwindcss_oxide::scanner: Reading "/Users/chrisli/Documents/modelsmith/web/components/ui/sonner.tsx"
2025-11-04T06:29:58.269206Z  INFO tailwindcss_oxide::scanner: Reading "/Users/chrisli/Documents/modelsmith/web/app/api/utils/recaptcha.ts"
2025-11-04T06:29:58.269222Z  INFO tailwindcss_oxide::scanner: Reading "/Users/chrisli/Documents/modelsmith/web/components/ui/line-path.tsx"
2025-11-04T06:29:58.268994Z  INFO tailwindcss_oxide::scanner: Reading "/Users/chrisli/Documents/modelsmith/web/components/ui/button.tsx"
2025-11-04T06:29:58.269252Z  INFO tailwindcss_oxide::scanner: Reading "/Users/chrisli/Documents/modelsmith/web/components/ui/light-rays.tsx"
2025-11-04T06:29:58.269136Z  INFO tailwindcss_oxide::scanner: Reading "/Users/chrisli/Documents/modelsmith/web/app/api/controllers/training-data.controller.ts"
2025-11-04T06:29:58.269287Z  INFO tailwindcss_oxide::scanner: Reading "/Users/chrisli/Documents/modelsmith/web/components/ui/accordion.tsx"
2025-11-04T06:29:58.269191Z  INFO tailwindcss_oxide::scanner: Reading "/Users/chrisli/Documents/modelsmith/web/components/scroll-area-wrapper.tsx"
2025-11-04T06:29:58.269311Z  INFO tailwindcss_oxide::scanner: Reading "/Users/chrisli/Documents/modelsmith/web/components/ui/empty.tsx"
2025-11-04T06:29:58.269224Z  INFO tailwindcss_oxide::scanner: Reading "/Users/chrisli/Documents/modelsmith/web/app/page.tsx"
2025-11-04T06:29:58.269328Z  INFO tailwindcss_oxide::scanner: Reading "/Users/chrisli/Documents/modelsmith/web/components/header.tsx"
2025-11-04T06:29:58.269224Z  INFO tailwindcss_oxide::scanner: Reading "/Users/chrisli/Documents/modelsmith/web/lib/firebase-admin.ts"
2025-11-04T06:29:58.269363Z  INFO tailwindcss_oxide::scanner: Reading "/Users/chrisli/Documents/modelsmith/web/postcss.config.mjs"
2025-11-04T06:29:58.269399Z  INFO tailwindcss_oxide::scanner: Reading "/Users/chrisli/Documents/modelsmith/web/lib/models.ts"
2025-11-04T06:29:58.269235Z  INFO tailwindcss_oxide::scanner: Reading "/Users/chrisli/Documents/modelsmith/web/app/api/utils/encryption.ts"
2025-11-04T06:29:58.269026Z  INFO tailwindcss_oxide::scanner: Reading "/Users/chrisli/Documents/modelsmith/web/hooks/use-fine-tune.ts"
2025-11-04T06:29:58.269265Z  INFO tailwindcss_oxide::scanner: Reading "/Users/chrisli/Documents/modelsmith/web/next.config.ts"
2025-11-04T06:29:58.269470Z  INFO tailwindcss_oxide::scanner: Reading "/Users/chrisli/Documents/modelsmith/web/components/ui/shadcn-io/shimmering-text/index.tsx"
2025-11-04T06:29:58.269467Z  INFO tailwindcss_oxide::scanner: Reading "/Users/chrisli/Documents/modelsmith/web/public/file.svg"
2025-11-04T06:29:58.269482Z  INFO tailwindcss_oxide::scanner: Reading "/Users/chrisli/Documents/modelsmith/web/hooks/use-training-data.ts"
2025-11-04T06:29:58.269569Z  INFO tailwindcss_oxide::scanner: Reading "/Users/chrisli/Documents/modelsmith/web/lib/training-data-storage.ts"
2025-11-04T06:29:58.269422Z  INFO tailwindcss_oxide::scanner: Reading "/Users/chrisli/Documents/modelsmith/web/components/ui/progress.tsx"
2025-11-04T06:29:58.269629Z  INFO tailwindcss_oxide::scanner: Reading "/Users/chrisli/Documents/modelsmith/web/lib/firebase.ts"
2025-11-04T06:29:58.269291Z  INFO tailwindcss_oxide::scanner: Reading "/Users/chrisli/Documents/modelsmith/web/app/api/controllers/model-versions.controller.ts"
2025-11-04T06:29:58.269329Z  INFO tailwindcss_oxide::scanner: Reading "/Users/chrisli/Documents/modelsmith/web/eslint.config.mjs"
2025-11-04T06:29:58.269663Z  INFO tailwindcss_oxide::scanner: Reading "/Users/chrisli/Documents/modelsmith/web/lib/utils.ts"
2025-11-04T06:29:58.269668Z  INFO tailwindcss_oxide::scanner: Reading "/Users/chrisli/Documents/modelsmith/web/app/api/controllers/model-name.controller.ts"
2025-11-04T06:29:58.269674Z  INFO tailwindcss_oxide::scanner: Reading "/Users/chrisli/Documents/modelsmith/web/app/api/middleware/auth.ts"
2025-11-04T06:29:58.269259Z  INFO tailwindcss_oxide::scanner: Reading "/Users/chrisli/Documents/modelsmith/web/components/ui/select.tsx"
2025-11-04T06:29:58.269695Z  INFO tailwindcss_oxide::scanner: Reading "/Users/chrisli/Documents/modelsmith/web/app/api/controllers/fine-tune.controller.ts"
2025-11-04T06:29:58.269703Z  INFO tailwindcss_oxide::scanner: Reading "/Users/chrisli/Documents/modelsmith/web/components/auth-dialog.tsx"
2025-11-04T06:29:58.269259Z  INFO tailwindcss_oxide::scanner: Reading "/Users/chrisli/Documents/modelsmith/web/components/ui/slider.tsx"
2025-11-04T06:29:58.269735Z  INFO tailwindcss_oxide::scanner: Reading "/Users/chrisli/Documents/modelsmith/web/components/ui/border-beam.tsx"
2025-11-04T06:29:58.269748Z  INFO tailwindcss_oxide::scanner: Reading "/Users/chrisli/Documents/modelsmith/web/app/api/controllers/completion.controller.ts"
2025-11-04T06:29:58.269496Z  INFO tailwindcss_oxide::scanner: Reading "/Users/chrisli/Documents/modelsmith/web/app/api/middleware/validation.ts"
2025-11-04T06:29:58.269031Z  INFO tailwindcss_oxide::scanner: Reading "/Users/chrisli/Documents/modelsmith/web/app/layout.tsx"
2025-11-04T06:29:58.269769Z  INFO tailwindcss_oxide::scanner: Reading "/Users/chrisli/Documents/modelsmith/web/app/api/middleware/error-handler.ts"
2025-11-04T06:29:58.269487Z  INFO tailwindcss_oxide::scanner: Reading "/Users/chrisli/Documents/modelsmith/web/components/ui/popover.tsx"
2025-11-04T06:29:58.269832Z  INFO tailwindcss_oxide::scanner: Reading "/Users/chrisli/Documents/modelsmith/web/README.md"
2025-11-04T06:29:58.269739Z  INFO tailwindcss_oxide::scanner: Reading "/Users/chrisli/Documents/modelsmith/web/app/api/config/providers.ts"
2025-11-04T06:29:58.269836Z  INFO tailwindcss_oxide::scanner: Reading "/Users/chrisli/Documents/modelsmith/web/public/vercel.svg"
2025-11-04T06:29:58.270166Z  INFO tailwindcss_oxide::scanner: Reading "/Users/chrisli/Documents/modelsmith/web/components/footer.tsx"
2025-11-04T06:29:58.270185Z  INFO tailwindcss_oxide::scanner: Reading "/Users/chrisli/Documents/modelsmith/web/app/api/types/index.ts"
2025-11-04T06:29:58.270213Z  INFO tailwindcss_oxide::scanner: Reading "/Users/chrisli/Documents/modelsmith/web/components/ui/aurora-text.tsx"
2025-11-04T06:29:58.270581Z  INFO extract_candidates:read_all_files: tailwindcss_oxide::scanner: exit
2025-11-04T06:29:58.270590Z  INFO extract_candidates:parse_all_blobs: tailwindcss_oxide::scanner: enter
2025-11-04T06:29:58.270594Z  INFO extract_candidates:parse_all_blobs:extract: tailwindcss_oxide::scanner: enter
2025-11-04T06:29:58.273229Z  INFO extract_candidates:parse_all_blobs:extract: tailwindcss_oxide::scanner: exit
2025-11-04T06:29:58.273250Z  INFO extract_candidates:parse_all_blobs: tailwindcss_oxide::scanner: exit
2025-11-04T06:29:58.273255Z  INFO extract_candidates:read_all_files: tailwindcss_oxide::scanner: enter
2025-11-04T06:29:58.273257Z  INFO extract_candidates:read_all_files: tailwindcss_oxide::scanner: Reading 1 file(s)
2025-11-04T06:29:58.273286Z  INFO extract_candidates:read_all_files: tailwindcss_oxide::scanner: Reading "/Users/chrisli/Documents/modelsmith/web/app/globals.css"
2025-11-04T06:29:58.273292Z  INFO extract_candidates:read_all_files: tailwindcss_oxide::scanner: exit
2025-11-04T06:29:58.273295Z  INFO extract_candidates:extract_css_variables: tailwindcss_oxide::scanner: enter
2025-11-04T06:29:58.273298Z  INFO extract_candidates:extract_css_variables:extract: tailwindcss_oxide::scanner: enter
2025-11-04T06:29:58.273370Z  INFO extract_candidates:extract_css_variables:extract: tailwindcss_oxide::scanner: exit
2025-11-04T06:29:58.273385Z  INFO extract_candidates:extract_css_variables: tailwindcss_oxide::scanner: exit
2025-11-04T06:29:58.274334Z  INFO extract_candidates: tailwindcss_oxide::scanner: exit
2025-11-04T06:29:58.275024Z  INFO get_files: tailwindcss_oxide::scanner: enter
2025-11-04T06:29:58.275031Z  INFO get_files:scan_sources: tailwindcss_oxide::scanner: enter
2025-11-04T06:29:58.275785Z  INFO get_files:scan_sources: tailwindcss_oxide::scanner: Discovering "/Users/chrisli/Documents/modelsmith/web/contexts"
2025-11-04T06:29:58.275897Z  INFO get_files:scan_sources: tailwindcss_oxide::scanner: Discovering "/Users/chrisli/Documents/modelsmith/web/app"
2025-11-04T06:29:58.275935Z  INFO get_files:scan_sources: tailwindcss_oxide::scanner: Discovering "/Users/chrisli/Documents/modelsmith/web/app/.well-known"
2025-11-04T06:29:58.275963Z  INFO get_files:scan_sources: tailwindcss_oxide::scanner: Discovering "/Users/chrisli/Documents/modelsmith/web/app/.well-known/workflow"
2025-11-04T06:29:58.275991Z  INFO get_files:scan_sources: tailwindcss_oxide::scanner: Discovering "/Users/chrisli/Documents/modelsmith/web/app/.well-known/workflow/v1"
2025-11-04T06:29:58.276431Z  INFO get_files:scan_sources: tailwindcss_oxide::scanner: Discovering "/Users/chrisli/Documents/modelsmith/web/app/api"
2025-11-04T06:29:58.276631Z  INFO get_files:scan_sources: tailwindcss_oxide::scanner: Discovering "/Users/chrisli/Documents/modelsmith/web/app/api/middleware"
2025-11-04T06:29:58.276701Z  INFO get_files:scan_sources: tailwindcss_oxide::scanner: Discovering "/Users/chrisli/Documents/modelsmith/web/app/api/types"
2025-11-04T06:29:58.276741Z  INFO get_files:scan_sources: tailwindcss_oxide::scanner: Discovering "/Users/chrisli/Documents/modelsmith/web/app/api/config"
2025-11-04T06:29:58.276780Z  INFO get_files:scan_sources: tailwindcss_oxide::scanner: Discovering "/Users/chrisli/Documents/modelsmith/web/app/api/workflows"
2025-11-04T06:29:58.276843Z  INFO get_files:scan_sources: tailwindcss_oxide::scanner: Discovering "/Users/chrisli/Documents/modelsmith/web/app/api/utils"
2025-11-04T06:29:58.276882Z  INFO get_files:scan_sources: tailwindcss_oxide::scanner: Discovering "/Users/chrisli/Documents/modelsmith/web/app/api/controllers"
2025-11-04T06:29:58.277004Z  INFO get_files:scan_sources: tailwindcss_oxide::scanner: Discovering "/Users/chrisli/Documents/modelsmith/web/app/api/[...route]"
2025-11-04T06:29:58.277261Z  INFO get_files:scan_sources: tailwindcss_oxide::scanner: Discovering "/Users/chrisli/Documents/modelsmith/web/.swc"
2025-11-04T06:29:58.277681Z  INFO get_files:scan_sources: tailwindcss_oxide::scanner: Discovering "/Users/chrisli/Documents/modelsmith/web/components"
2025-11-04T06:29:58.277725Z  INFO get_files:scan_sources: tailwindcss_oxide::scanner: Discovering "/Users/chrisli/Documents/modelsmith/web/components/ui"
2025-11-04T06:29:58.277764Z  INFO get_files:scan_sources: tailwindcss_oxide::scanner: Discovering "/Users/chrisli/Documents/modelsmith/web/components/ui/shadcn-io"
2025-11-04T06:29:58.277802Z  INFO get_files:scan_sources: tailwindcss_oxide::scanner: Discovering "/Users/chrisli/Documents/modelsmith/web/components/ui/shadcn-io/shimmering-text"
2025-11-04T06:29:58.277952Z  INFO get_files:scan_sources: tailwindcss_oxide::scanner: Discovering "/Users/chrisli/Documents/modelsmith/web/components/sections"
2025-11-04T06:29:58.278037Z  INFO get_files:scan_sources: tailwindcss_oxide::scanner: Discovering "/Users/chrisli/Documents/modelsmith/web/public"
2025-11-04T06:29:58.278072Z  INFO get_files:scan_sources: tailwindcss_oxide::scanner: Discovering "/Users/chrisli/Documents/modelsmith/web/public/logos"
2025-11-04T06:29:58.278156Z  INFO get_files:scan_sources: tailwindcss_oxide::scanner: Discovering "/Users/chrisli/Documents/modelsmith/web/hooks"
2025-11-04T06:29:58.278199Z  INFO get_files:scan_sources: tailwindcss_oxide::scanner: Discovering "/Users/chrisli/Documents/modelsmith/web/lib"
2025-11-04T06:29:58.278239Z  INFO get_files:scan_sources: tailwindcss_oxide::scanner: Discovering "/Users/chrisli/Documents/modelsmith/web/lib/utils"
2025-11-04T06:29:58.278287Z  INFO get_files:scan_sources: tailwindcss_oxide::scanner: Discovering "/Users/chrisli/Documents/modelsmith/web/lib/store"
2025-11-04T06:29:58.278387Z  INFO get_files:scan_sources: tailwindcss_oxide::scanner: exit
2025-11-04T06:29:58.278466Z  INFO get_files: tailwindcss_oxide::scanner: exit
2025-11-04T06:29:58.278857Z  INFO get_globs: tailwindcss_oxide::scanner: enter
2025-11-04T06:29:58.278867Z  INFO get_globs:scan_sources: tailwindcss_oxide::scanner: enter
2025-11-04T06:29:58.279793Z  INFO get_globs:scan_sources: tailwindcss_oxide::scanner: Discovering "/Users/chrisli/Documents/modelsmith/web/contexts"
2025-11-04T06:29:58.279889Z  INFO get_globs:scan_sources: tailwindcss_oxide::scanner: Discovering "/Users/chrisli/Documents/modelsmith/web/app"
2025-11-04T06:29:58.279925Z  INFO get_globs:scan_sources: tailwindcss_oxide::scanner: Discovering "/Users/chrisli/Documents/modelsmith/web/app/.well-known"
2025-11-04T06:29:58.279962Z  INFO get_globs:scan_sources: tailwindcss_oxide::scanner: Discovering "/Users/chrisli/Documents/modelsmith/web/app/.well-known/workflow"
2025-11-04T06:29:58.279993Z  INFO get_globs:scan_sources: tailwindcss_oxide::scanner: Discovering "/Users/chrisli/Documents/modelsmith/web/app/.well-known/workflow/v1"
2025-11-04T06:29:58.280159Z  INFO get_globs:scan_sources: tailwindcss_oxide::scanner: Discovering "/Users/chrisli/Documents/modelsmith/web/app/api"
2025-11-04T06:29:58.280209Z  INFO get_globs:scan_sources: tailwindcss_oxide::scanner: Discovering "/Users/chrisli/Documents/modelsmith/web/app/api/middleware"
2025-11-04T06:29:58.280253Z  INFO get_globs:scan_sources: tailwindcss_oxide::scanner: Discovering "/Users/chrisli/Documents/modelsmith/web/app/api/types"
2025-11-04T06:29:58.280326Z  INFO get_globs:scan_sources: tailwindcss_oxide::scanner: Discovering "/Users/chrisli/Documents/modelsmith/web/app/api/config"
2025-11-04T06:29:58.280359Z  INFO get_globs:scan_sources: tailwindcss_oxide::scanner: Discovering "/Users/chrisli/Documents/modelsmith/web/app/api/workflows"
2025-11-04T06:29:58.280402Z  INFO get_globs:scan_sources: tailwindcss_oxide::scanner: Discovering "/Users/chrisli/Documents/modelsmith/web/app/api/utils"
2025-11-04T06:29:58.280473Z  INFO get_globs:scan_sources: tailwindcss_oxide::scanner: Discovering "/Users/chrisli/Documents/modelsmith/web/app/api/controllers"
2025-11-04T06:29:58.280621Z  INFO get_globs:scan_sources: tailwindcss_oxide::scanner: Discovering "/Users/chrisli/Documents/modelsmith/web/app/api/[...route]"
2025-11-04T06:29:58.280717Z  INFO get_globs:scan_sources: tailwindcss_oxide::scanner: Discovering "/Users/chrisli/Documents/modelsmith/web/.swc"
2025-11-04T06:29:58.280871Z  INFO get_globs:scan_sources: tailwindcss_oxide::scanner: Discovering "/Users/chrisli/Documents/modelsmith/web/components"
2025-11-04T06:29:58.280901Z  INFO get_globs:scan_sources: tailwindcss_oxide::scanner: Discovering "/Users/chrisli/Documents/modelsmith/web/components/ui"
2025-11-04T06:29:58.280932Z  INFO get_globs:scan_sources: tailwindcss_oxide::scanner: Discovering "/Users/chrisli/Documents/modelsmith/web/components/ui/shadcn-io"
2025-11-04T06:29:58.280956Z  INFO get_globs:scan_sources: tailwindcss_oxide::scanner: Discovering "/Users/chrisli/Documents/modelsmith/web/components/ui/shadcn-io/shimmering-text"
2025-11-04T06:29:58.281092Z  INFO get_globs:scan_sources: tailwindcss_oxide::scanner: Discovering "/Users/chrisli/Documents/modelsmith/web/components/sections"
2025-11-04T06:29:58.281162Z  INFO get_globs:scan_sources: tailwindcss_oxide::scanner: Discovering "/Users/chrisli/Documents/modelsmith/web/public"
2025-11-04T06:29:58.281194Z  INFO get_globs:scan_sources: tailwindcss_oxide::scanner: Discovering "/Users/chrisli/Documents/modelsmith/web/public/logos"
2025-11-04T06:29:58.281272Z  INFO get_globs:scan_sources: tailwindcss_oxide::scanner: Discovering "/Users/chrisli/Documents/modelsmith/web/hooks"
2025-11-04T06:29:58.281312Z  INFO get_globs:scan_sources: tailwindcss_oxide::scanner: Discovering "/Users/chrisli/Documents/modelsmith/web/lib"
2025-11-04T06:29:58.281348Z  INFO get_globs:scan_sources: tailwindcss_oxide::scanner: Discovering "/Users/chrisli/Documents/modelsmith/web/lib/utils"
2025-11-04T06:29:58.281393Z  INFO get_globs:scan_sources: tailwindcss_oxide::scanner: Discovering "/Users/chrisli/Documents/modelsmith/web/lib/store"
2025-11-04T06:29:58.281492Z  INFO get_globs:scan_sources: tailwindcss_oxide::scanner: exit
2025-11-04T06:29:58.284285Z  INFO get_globs: tailwindcss_oxide::scanner: exit
